Analysis & Synthesis report for 11divide
Wed Feb 28 12:39:58 2024
Quartus II Version 9.0 Build 132 02/25/2009 SJ Web Edition


---------------------
; Table of Contents ;
---------------------
  1. Legal Notice
  2. Analysis & Synthesis Summary
  3. Analysis & Synthesis Settings
  4. Analysis & Synthesis Source Files Read
  5. Analysis & Synthesis Resource Usage Summary
  6. Analysis & Synthesis Resource Utilization by Entity
  7. General Register Statistics
  8. Analysis & Synthesis Messages



----------------
; Legal Notice ;
----------------
Copyright (C) 1991-2009 Altera Corporation
Your use of Altera Corporation's design tools, logic functions 
and other software and tools, and its AMPP partner logic 
functions, and any output files from any of the foregoing 
(including device programming or simulation files), and any 
associated documentation or information are expressly subject 
to the terms and conditions of the Altera Program License 
Subscription Agreement, Altera MegaCore Function License 
Agreement, or other applicable license agreement, including, 
without limitation, that your use is for the sole purpose of 
programming logic devices manufactured by Altera and sold by 
Altera or its authorized distributors.  Please refer to the 
applicable agreement for further details.



+------------------------------------------------------------------------------+
; Analysis & Synthesis Summary                                                 ;
+------------------------------------+-----------------------------------------+
; Analysis & Synthesis Status        ; Successful - Wed Feb 28 12:39:58 2024   ;
; Quartus II Version                 ; 9.0 Build 132 02/25/2009 SJ Web Edition ;
; Revision Name                      ; 11divide                                ;
; Top-level Entity Name              ; 11divide                                ;
; Family                             ; Cyclone II                              ;
; Total logic elements               ; 42                                      ;
;     Total combinational functions  ; 42                                      ;
;     Dedicated logic registers      ; 0                                       ;
; Total registers                    ; 0                                       ;
; Total pins                         ; 17                                      ;
; Total virtual pins                 ; 0                                       ;
; Total memory bits                  ; 0                                       ;
; Embedded Multiplier 9-bit elements ; 0                                       ;
; Total PLLs                         ; 0                                       ;
+------------------------------------+-----------------------------------------+


+----------------------------------------------------------------------------------------------------------+
; Analysis & Synthesis Settings                                                                            ;
+----------------------------------------------------------------+--------------------+--------------------+
; Option                                                         ; Setting            ; Default Value      ;
+----------------------------------------------------------------+--------------------+--------------------+
; Device                                                         ; EP2C35F672C6       ;                    ;
; Top-level entity name                                          ; 11divide           ; 11divide           ;
; Family name                                                    ; Cyclone II         ; Stratix II         ;
; Use Generated Physical Constraints File                        ; Off                ;                    ;
; Use smart compilation                                          ; Off                ; Off                ;
; Restructure Multiplexers                                       ; Auto               ; Auto               ;
; Create Debugging Nodes for IP Cores                            ; Off                ; Off                ;
; Preserve fewer node names                                      ; On                 ; On                 ;
; Disable OpenCore Plus hardware evaluation                      ; Off                ; Off                ;
; Verilog Version                                                ; Verilog_2001       ; Verilog_2001       ;
; VHDL Version                                                   ; VHDL93             ; VHDL93             ;
; State Machine Processing                                       ; Auto               ; Auto               ;
; Safe State Machine                                             ; Off                ; Off                ;
; Extract Verilog State Machines                                 ; On                 ; On                 ;
; Extract VHDL State Machines                                    ; On                 ; On                 ;
; Ignore Verilog initial constructs                              ; Off                ; Off                ;
; Iteration limit for constant Verilog loops                     ; 5000               ; 5000               ;
; Iteration limit for non-constant Verilog loops                 ; 250                ; 250                ;
; Add Pass-Through Logic to Inferred RAMs                        ; On                 ; On                 ;
; Parallel Synthesis                                             ; Off                ; Off                ;
; DSP Block Balancing                                            ; Auto               ; Auto               ;
; NOT Gate Push-Back                                             ; On                 ; On                 ;
; Power-Up Don't Care                                            ; On                 ; On                 ;
; Remove Redundant Logic Cells                                   ; Off                ; Off                ;
; Remove Duplicate Registers                                     ; On                 ; On                 ;
; Ignore CARRY Buffers                                           ; Off                ; Off                ;
; Ignore CASCADE Buffers                                         ; Off                ; Off                ;
; Ignore GLOBAL Buffers                                          ; Off                ; Off                ;
; Ignore ROW GLOBAL Buffers                                      ; Off                ; Off                ;
; Ignore LCELL Buffers                                           ; Off                ; Off                ;
; Ignore SOFT Buffers                                            ; On                 ; On                 ;
; Limit AHDL Integers to 32 Bits                                 ; Off                ; Off                ;
; Optimization Technique                                         ; Balanced           ; Balanced           ;
; Carry Chain Length                                             ; 70                 ; 70                 ;
; Auto Carry Chains                                              ; On                 ; On                 ;
; Auto Open-Drain Pins                                           ; On                 ; On                 ;
; Perform WYSIWYG Primitive Resynthesis                          ; Off                ; Off                ;
; Auto ROM Replacement                                           ; On                 ; On                 ;
; Auto RAM Replacement                                           ; On                 ; On                 ;
; Auto Shift Register Replacement                                ; Auto               ; Auto               ;
; Auto Clock Enable Replacement                                  ; On                 ; On                 ;
; Strict RAM Replacement                                         ; Off                ; Off                ;
; Allow Synchronous Control Signals                              ; On                 ; On                 ;
; Force Use of Synchronous Clear Signals                         ; Off                ; Off                ;
; Auto RAM to Logic Cell Conversion                              ; Off                ; Off                ;
; Auto Resource Sharing                                          ; Off                ; Off                ;
; Allow Any RAM Size For Recognition                             ; Off                ; Off                ;
; Allow Any ROM Size For Recognition                             ; Off                ; Off                ;
; Allow Any Shift Register Size For Recognition                  ; Off                ; Off                ;
; Use LogicLock Constraints during Resource Balancing            ; On                 ; On                 ;
; Ignore translate_off and synthesis_off directives              ; Off                ; Off                ;
; Timing-Driven Synthesis                                        ; Off                ; Off                ;
; Show Parameter Settings Tables in Synthesis Report             ; On                 ; On                 ;
; Ignore Maximum Fan-Out Assignments                             ; Off                ; Off                ;
; Synchronization Register Chain Length                          ; 2                  ; 2                  ;
; PowerPlay Power Optimization                                   ; Normal compilation ; Normal compilation ;
; HDL message level                                              ; Level2             ; Level2             ;
; Suppress Register Optimization Related Messages                ; Off                ; Off                ;
; Number of Removed Registers Reported in Synthesis Report       ; 100                ; 100                ;
; Number of Inverted Registers Reported in Synthesis Report      ; 100                ; 100                ;
; Clock MUX Protection                                           ; On                 ; On                 ;
; Auto Gated Clock Conversion                                    ; Off                ; Off                ;
; Block Design Naming                                            ; Auto               ; Auto               ;
; SDC constraint protection                                      ; Off                ; Off                ;
; Synthesis Effort                                               ; Auto               ; Auto               ;
; Allows Asynchronous Clear Usage For Shift Register Replacement ; On                 ; On                 ;
; Analysis & Synthesis Message Level                             ; Medium             ; Medium             ;
+----------------------------------------------------------------+--------------------+--------------------+


+--------------------------------------------------------------------------------------------------------------------------------------------------+
; Analysis & Synthesis Source Files Read                                                                                                           ;
+----------------------------------+-----------------+------------------------------------+--------------------------------------------------------+
; File Name with User-Entered Path ; Used in Netlist ; File Type                          ; File Name with Absolute Path                           ;
+----------------------------------+-----------------+------------------------------------+--------------------------------------------------------+
; ../4BitFullAdder.bdf             ; yes             ; User Block Diagram/Schematic File  ; C:/Users/Radin/Desktop/Project01-11/4BitFullAdder.bdf  ;
; ../FullAdder.bdf                 ; yes             ; User Block Diagram/Schematic File  ; C:/Users/Radin/Desktop/Project01-11/FullAdder.bdf      ;
; ../HalfAdder.bdf                 ; yes             ; User Block Diagram/Schematic File  ; C:/Users/Radin/Desktop/Project01-11/HalfAdder.bdf      ;
; 1BitComparator.bdf               ; yes             ; User Block Diagram/Schematic File  ; C:/Users/Radin/Desktop/Project01-11/1BitComparator.bdf ;
; 2BitComparator.bdf               ; yes             ; User Block Diagram/Schematic File  ; C:/Users/Radin/Desktop/Project01-11/2BitComparator.bdf ;
; 4BitComparator.bdf               ; yes             ; User Block Diagram/Schematic File  ; C:/Users/Radin/Desktop/Project01-11/4BitComparator.bdf ;
; 11divide.bdf                     ; yes             ; User Block Diagram/Schematic File  ; C:/Users/Radin/Desktop/Project01-11/11divide.bdf       ;
+----------------------------------+-----------------+------------------------------------+--------------------------------------------------------+


+-----------------------------------------------------+
; Analysis & Synthesis Resource Usage Summary         ;
+---------------------------------------------+-------+
; Resource                                    ; Usage ;
+---------------------------------------------+-------+
; Estimated Total logic elements              ; 42    ;
;                                             ;       ;
; Total combinational functions               ; 42    ;
; Logic element usage by number of LUT inputs ;       ;
;     -- 4 input functions                    ; 25    ;
;     -- 3 input functions                    ; 10    ;
;     -- <=2 input functions                  ; 7     ;
;                                             ;       ;
; Logic elements by mode                      ;       ;
;     -- normal mode                          ; 42    ;
;     -- arithmetic mode                      ; 0     ;
;                                             ;       ;
; Total registers                             ; 0     ;
;     -- Dedicated logic registers            ; 0     ;
;     -- I/O registers                        ; 0     ;
;                                             ;       ;
; I/O pins                                    ; 17    ;
; Maximum fan-out node                        ; A1[0] ;
; Maximum fan-out                             ; 8     ;
; Total fan-out                               ; 145   ;
; Average fan-out                             ; 2.46  ;
+---------------------------------------------+-------+


+---------------------------------------------------------------------------------------------------------------------------------------------------------------------------------------------------------------------------------------+
; Analysis & Synthesis Resource Utilization by Entity                                                                                                                                                                                   ;
+---------------------------------+-------------------+--------------+-------------+--------------+---------+-----------+------+--------------+--------------------------------------------------------------------------+--------------+
; Compilation Hierarchy Node      ; LC Combinationals ; LC Registers ; Memory Bits ; DSP Elements ; DSP 9x9 ; DSP 18x18 ; Pins ; Virtual Pins ; Full Hierarchy Name                                                      ; Library Name ;
+---------------------------------+-------------------+--------------+-------------+--------------+---------+-----------+------+--------------+--------------------------------------------------------------------------+--------------+
; |11divide                       ; 42 (14)           ; 0 (0)        ; 0           ; 0            ; 0       ; 0         ; 17   ; 0            ; |11divide                                                                ; work         ;
;    |4BitComparator:inst1|       ; 5 (2)             ; 0 (0)        ; 0           ; 0            ; 0       ; 0         ; 0    ; 0            ; |11divide|4BitComparator:inst1                                           ; work         ;
;       |2BitComparator:inst1|    ; 1 (0)             ; 0 (0)        ; 0           ; 0            ; 0       ; 0         ; 0    ; 0            ; |11divide|4BitComparator:inst1|2BitComparator:inst1                      ; work         ;
;          |1BitComparator:inst8| ; 1 (1)             ; 0 (0)        ; 0           ; 0            ; 0       ; 0         ; 0    ; 0            ; |11divide|4BitComparator:inst1|2BitComparator:inst1|1BitComparator:inst8 ; work         ;
;       |2BitComparator:inst8|    ; 2 (0)             ; 0 (0)        ; 0           ; 0            ; 0       ; 0         ; 0    ; 0            ; |11divide|4BitComparator:inst1|2BitComparator:inst8                      ; work         ;
;          |1BitComparator:inst8| ; 2 (2)             ; 0 (0)        ; 0           ; 0            ; 0       ; 0         ; 0    ; 0            ; |11divide|4BitComparator:inst1|2BitComparator:inst8|1BitComparator:inst8 ; work         ;
;    |4BitComparator:inst2|       ; 4 (2)             ; 0 (0)        ; 0           ; 0            ; 0       ; 0         ; 0    ; 0            ; |11divide|4BitComparator:inst2                                           ; work         ;
;       |2BitComparator:inst8|    ; 2 (2)             ; 0 (0)        ; 0           ; 0            ; 0       ; 0         ; 0    ; 0            ; |11divide|4BitComparator:inst2|2BitComparator:inst8                      ; work         ;
;    |4BitFullAdder:inst4|        ; 8 (0)             ; 0 (0)        ; 0           ; 0            ; 0       ; 0         ; 0    ; 0            ; |11divide|4BitFullAdder:inst4                                            ; work         ;
;       |FullAdder:inst1|         ; 2 (1)             ; 0 (0)        ; 0           ; 0            ; 0       ; 0         ; 0    ; 0            ; |11divide|4BitFullAdder:inst4|FullAdder:inst1                            ; work         ;
;          |HalfAdder:inst1|      ; 1 (1)             ; 0 (0)        ; 0           ; 0            ; 0       ; 0         ; 0    ; 0            ; |11divide|4BitFullAdder:inst4|FullAdder:inst1|HalfAdder:inst1            ; work         ;
;       |FullAdder:inst2|         ; 1 (0)             ; 0 (0)        ; 0           ; 0            ; 0       ; 0         ; 0    ; 0            ; |11divide|4BitFullAdder:inst4|FullAdder:inst2                            ; work         ;
;          |HalfAdder:inst1|      ; 1 (1)             ; 0 (0)        ; 0           ; 0            ; 0       ; 0         ; 0    ; 0            ; |11divide|4BitFullAdder:inst4|FullAdder:inst2|HalfAdder:inst1            ; work         ;
;       |FullAdder:inst3|         ; 5 (2)             ; 0 (0)        ; 0           ; 0            ; 0       ; 0         ; 0    ; 0            ; |11divide|4BitFullAdder:inst4|FullAdder:inst3                            ; work         ;
;          |HalfAdder:inst1|      ; 3 (3)             ; 0 (0)        ; 0           ; 0            ; 0       ; 0         ; 0    ; 0            ; |11divide|4BitFullAdder:inst4|FullAdder:inst3|HalfAdder:inst1            ; work         ;
;    |4BitFullAdder:inst6|        ; 1 (0)             ; 0 (0)        ; 0           ; 0            ; 0       ; 0         ; 0    ; 0            ; |11divide|4BitFullAdder:inst6                                            ; work         ;
;       |FullAdder:inst1|         ; 1 (0)             ; 0 (0)        ; 0           ; 0            ; 0       ; 0         ; 0    ; 0            ; |11divide|4BitFullAdder:inst6|FullAdder:inst1                            ; work         ;
;          |HalfAdder:inst1|      ; 1 (1)             ; 0 (0)        ; 0           ; 0            ; 0       ; 0         ; 0    ; 0            ; |11divide|4BitFullAdder:inst6|FullAdder:inst1|HalfAdder:inst1            ; work         ;
;    |4BitFullAdder:inst7|        ; 1 (0)             ; 0 (0)        ; 0           ; 0            ; 0       ; 0         ; 0    ; 0            ; |11divide|4BitFullAdder:inst7                                            ; work         ;
;       |FullAdder:inst1|         ; 1 (0)             ; 0 (0)        ; 0           ; 0            ; 0       ; 0         ; 0    ; 0            ; |11divide|4BitFullAdder:inst7|FullAdder:inst1                            ; work         ;
;          |HalfAdder:inst1|      ; 1 (1)             ; 0 (0)        ; 0           ; 0            ; 0       ; 0         ; 0    ; 0            ; |11divide|4BitFullAdder:inst7|FullAdder:inst1|HalfAdder:inst1            ; work         ;
;    |4BitFullAdder:inst|         ; 9 (0)             ; 0 (0)        ; 0           ; 0            ; 0       ; 0         ; 0    ; 0            ; |11divide|4BitFullAdder:inst                                             ; work         ;
;       |FullAdder:inst1|         ; 1 (0)             ; 0 (0)        ; 0           ; 0            ; 0       ; 0         ; 0    ; 0            ; |11divide|4BitFullAdder:inst|FullAdder:inst1                             ; work         ;
;          |HalfAdder:inst1|      ; 1 (1)             ; 0 (0)        ; 0           ; 0            ; 0       ; 0         ; 0    ; 0            ; |11divide|4BitFullAdder:inst|FullAdder:inst1|HalfAdder:inst1             ; work         ;
;       |FullAdder:inst2|         ; 1 (0)             ; 0 (0)        ; 0           ; 0            ; 0       ; 0         ; 0    ; 0            ; |11divide|4BitFullAdder:inst|FullAdder:inst2                             ; work         ;
;          |HalfAdder:inst1|      ; 1 (1)             ; 0 (0)        ; 0           ; 0            ; 0       ; 0         ; 0    ; 0            ; |11divide|4BitFullAdder:inst|FullAdder:inst2|HalfAdder:inst1             ; work         ;
;       |FullAdder:inst3|         ; 6 (3)             ; 0 (0)        ; 0           ; 0            ; 0       ; 0         ; 0    ; 0            ; |11divide|4BitFullAdder:inst|FullAdder:inst3                             ; work         ;
;          |HalfAdder:inst1|      ; 3 (3)             ; 0 (0)        ; 0           ; 0            ; 0       ; 0         ; 0    ; 0            ; |11divide|4BitFullAdder:inst|FullAdder:inst3|HalfAdder:inst1             ; work         ;
;       |FullAdder:inst|          ; 1 (0)             ; 0 (0)        ; 0           ; 0            ; 0       ; 0         ; 0    ; 0            ; |11divide|4BitFullAdder:inst|FullAdder:inst                              ; work         ;
;          |HalfAdder:inst|       ; 1 (1)             ; 0 (0)        ; 0           ; 0            ; 0       ; 0         ; 0    ; 0            ; |11divide|4BitFullAdder:inst|FullAdder:inst|HalfAdder:inst               ; work         ;
+---------------------------------+-------------------+--------------+-------------+--------------+---------+-----------+------+--------------+--------------------------------------------------------------------------+--------------+
Note: For table entries with two numbers listed, the numbers in parentheses indicate the number of resources of the given type used by the specific entity alone. The numbers listed outside of parentheses indicate the total resources of the given type used by the specific entity and all of its sub-entities in the hierarchy.


+------------------------------------------------------+
; General Register Statistics                          ;
+----------------------------------------------+-------+
; Statistic                                    ; Value ;
+----------------------------------------------+-------+
; Total registers                              ; 0     ;
; Number of registers using Synchronous Clear  ; 0     ;
; Number of registers using Synchronous Load   ; 0     ;
; Number of registers using Asynchronous Clear ; 0     ;
; Number of registers using Asynchronous Load  ; 0     ;
; Number of registers using Clock Enable       ; 0     ;
; Number of registers using Preset             ; 0     ;
+----------------------------------------------+-------+


+-------------------------------+
; Analysis & Synthesis Messages ;
+-------------------------------+
Info: *******************************************************************
Info: Running Quartus II Analysis & Synthesis
    Info: Version 9.0 Build 132 02/25/2009 SJ Web Edition
    Info: Processing started: Wed Feb 28 12:39:56 2024
Info: Command: quartus_map --read_settings_files=on --write_settings_files=off 11divide -c 11divide
Info: Found 1 design units, including 1 entities, in source file 4BitFullAdder.bdf
    Info: Found entity 1: 4BitFullAdder
Info: Found 1 design units, including 1 entities, in source file FullAdder.bdf
    Info: Found entity 1: FullAdder
Info: Found 1 design units, including 1 entities, in source file HalfAdder.bdf
    Info: Found entity 1: HalfAdder
Info: Found 1 design units, including 1 entities, in source file 1BitComparator.bdf
    Info: Found entity 1: 1BitComparator
Info: Found 1 design units, including 1 entities, in source file 2BitComparator.bdf
    Info: Found entity 1: 2BitComparator
Info: Found 1 design units, including 1 entities, in source file 4BitComparator.bdf
    Info: Found entity 1: 4BitComparator
Info: Found 1 design units, including 1 entities, in source file 11divide.bdf
    Info: Found entity 1: 11divide
Info: Elaborating entity "11divide" for the top level hierarchy
Warning: Primitive "OR2" of instance "inst20" not used
Warning: Primitive "OR2" of instance "inst21" not used
Info: Elaborating entity "4BitComparator" for hierarchy "4BitComparator:inst1"
Info: Elaborating entity "2BitComparator" for hierarchy "4BitComparator:inst1|2BitComparator:inst1"
Info: Elaborating entity "1BitComparator" for hierarchy "4BitComparator:inst1|2BitComparator:inst1|1BitComparator:inst1"
Info: Elaborating entity "4BitFullAdder" for hierarchy "4BitFullAdder:inst"
Info: Elaborating entity "FullAdder" for hierarchy "4BitFullAdder:inst|FullAdder:inst3"
Info: Elaborating entity "HalfAdder" for hierarchy "4BitFullAdder:inst|FullAdder:inst3|HalfAdder:inst1"
Info: Implemented 59 device resources after synthesis - the final resource count might be different
    Info: Implemented 16 input pins
    Info: Implemented 1 output pins
    Info: Implemented 42 logic cells
Info: Quartus II Analysis & Synthesis was successful. 0 errors, 2 warnings
    Info: Peak virtual memory: 393 megabytes
    Info: Processing ended: Wed Feb 28 12:39:58 2024
    Info: Elapsed time: 00:00:02
    Info: Total CPU time (on all processors): 00:00:02


